#
# There is insufficient memory for the Java Runtime Environment to continue.
# Native memory allocation (malloc) failed to allocate 1048576 bytes for AllocateHeap
# Possible reasons:
#   The system is out of physical RAM or swap space
#   The process is running with CompressedOops enabled, and the Java Heap may be blocking the growth of the native heap
# Possible solutions:
#   Reduce memory load on the system
#   Increase physical memory or swap space
#   Check if swap backing store is full
#   Decrease Java heap size (-Xmx/-Xms)
#   Decrease number of Java threads
#   Decrease Java thread stack sizes (-Xss)
#   Set larger code cache with -XX:ReservedCodeCacheSize=
#   JVM is running with Unscaled Compressed Oops mode in which the Java heap is
#     placed in the first 4GB address space. The Java Heap base address is the
#     maximum limit for the native heap growth. Please use -XX:HeapBaseMinAddress
#     to set the Java Heap base and to place the Java Heap above 4GB virtual address.
# This output file may be truncated or incomplete.
#
#  Out of Memory Error (allocation.cpp:44), pid=11792, tid=24692
#
# JRE version:  (17.0.11+7) (build )
# Java VM: Java HotSpot(TM) 64-Bit Server VM (17.0.11+7-LTS-207, mixed mode, sharing, tiered, compressed oops, compressed class ptrs, g1 gc, windows-amd64)
# No core dump will be written. Minidumps are not enabled by default on client versions of Windows
#

---------------  S U M M A R Y ------------

Command Line: -Xmx256m -Xms128m -XX:MaxMetaspaceSize=128m -Dclassworlds.conf=C:\Users\divya\.m2\wrapper\dists\apache-maven-3.9.6\bin\m2.conf -Dmaven.home=C:\Users\divya\.m2\wrapper\dists\apache-maven-3.9.6 -Dlibrary.jansi.path=C:\Users\divya\.m2\wrapper\dists\apache-maven-3.9.6\lib\jansi-native -Dmaven.multiModuleProjectDirectory=D:\54b7\PROJECT org.codehaus.plexus.classworlds.launcher.Launcher spring-boot:run

Host: 11th Gen Intel(R) Core(TM) i5-1135G7 @ 2.40GHz, 8 cores, 7G,  Windows 11 , 64 bit Build 26100 (10.0.26100.8521)
Time: Wed Jun 17 20:48:23 2026 India Standard Time elapsed time: 0.017679 seconds (0d 0h 0m 0s)

---------------  T H R E A D  ---------------

Current thread (0x000002c60d532210):  JavaThread "Unknown thread" [_thread_in_vm, id=24692, stack(0x000000d1ac900000,0x000000d1aca00000)]

Stack: [0x000000d1ac900000,0x000000d1aca00000]
Native frames: (J=compiled Java code, j=interpreted, Vv=VM code, C=native code)
V  [jvm.dll+0x679cca]
V  [jvm.dll+0x7da13d]
V  [jvm.dll+0x7dba83]
V  [jvm.dll+0x7dc0f3]
V  [jvm.dll+0x2449af]
V  [jvm.dll+0xa5e73]
V  [jvm.dll+0x2d4767]
V  [jvm.dll+0x7ac67c]
V  [jvm.dll+0x366f61]
V  [jvm.dll+0x78b609]
V  [jvm.dll+0x3ec22f]
V  [jvm.dll+0x3ede61]
C  [jli.dll+0x5297]
C  [ucrtbase.dll+0x2cd30]
C  [KERNEL32.DLL+0x2e957]
C  [ntdll.dll+0x87c1c]


---------------  P R O C E S S  ---------------

Threads class SMR info:
_java_thread_list=0x00007ffcf9267a18, length=0, elements={
}

Java Threads: ( => current thread )

Other Threads:

=>0x000002c60d532210 (exited) JavaThread "Unknown thread" [_thread_in_vm, id=24692, stack(0x000000d1ac900000,0x000000d1aca00000)]

Threads with active compile tasks:

VM state: not at safepoint (not fully initialized)

VM Mutex/Monitor currently owned by a thread: None

Heap address: 0x0000000000000000, size: 0 MB, Compressed Oops mode: 32-bit

CDS archive(s) mapped at: [0x0000000000000000-0x0000000000000000-0x0000000000000000), size 0, SharedBaseAddress: 0x0000000800000000, ArchiveRelocationMode: 1.
Narrow klass base: 0x0000000000000000, Narrow klass shift: 0, Narrow klass range: 0x0

GC Precious Log:
<Empty>

GC Heap History (0 events):
No events

Deoptimization events (0 events):
No events

Classes unloaded (0 events):
No events

Classes redefined (0 events):
No events

Internal exceptions (0 events):
No events

VM Operations (0 events):
No events

Events (1 events):
Event: 0.013 Loaded shared library C:\Program Files\Java\jdk-17\bin\java.dll


Dynamic libraries:
0x00007ff7b1490000 - 0x00007ff7b14a0000 	C:\Program Files\Java\jdk-17\bin\java.exe
0x00007ffd7f2a0000 - 0x00007ffd7f506000 	C:\WINDOWS\SYSTEM32\ntdll.dll
0x00007ffd7e3c0000 - 0x00007ffd7e489000 	C:\WINDOWS\System32\KERNEL32.DLL
0x00007ffd7c7f0000 - 0x00007ffd7cbea000 	C:\WINDOWS\System32\KERNELBASE.dll
0x00007ffd7c560000 - 0x00007ffd7c6ac000 	C:\WINDOWS\System32\ucrtbase.dll
0x00007ffd74c60000 - 0x00007ffd74c79000 	C:\Program Files\Java\jdk-17\bin\jli.dll
0x00007ffd6c4f0000 - 0x00007ffd6c50b000 	C:\Program Files\Java\jdk-17\bin\VCRUNTIME140.dll
0x00007ffd7f040000 - 0x00007ffd7f0f6000 	C:\WINDOWS\System32\ADVAPI32.dll
0x00007ffd7ed80000 - 0x00007ffd7ee29000 	C:\WINDOWS\System32\msvcrt.dll
0x00007ffd7f100000 - 0x00007ffd7f1aa000 	C:\WINDOWS\System32\sechost.dll
0x00007ffd7da30000 - 0x00007ffd7db48000 	C:\WINDOWS\System32\RPCRT4.dll
0x00007ffd7d680000 - 0x00007ffd7d847000 	C:\WINDOWS\System32\USER32.dll
0x00007ffd7c530000 - 0x00007ffd7c557000 	C:\WINDOWS\System32\win32u.dll
0x00007ffd7dc50000 - 0x00007ffd7dc7b000 	C:\WINDOWS\System32\GDI32.dll
0x00007ffd7cbf0000 - 0x00007ffd7cd1b000 	C:\WINDOWS\System32\gdi32full.dll
0x00007ffd68260000 - 0x00007ffd684f2000 	C:\WINDOWS\WinSxS\amd64_microsoft.windows.common-controls_6595b64144ccf1df_6.0.26100.8521_none_3e08b75ce33403b3\COMCTL32.dll
0x00007ffd7c740000 - 0x00007ffd7c7e3000 	C:\WINDOWS\System32\msvcp_win.dll
0x00007ffd75c70000 - 0x00007ffd75c7b000 	C:\WINDOWS\SYSTEM32\VERSION.dll
0x00007ffd7f220000 - 0x00007ffd7f252000 	C:\WINDOWS\System32\IMM32.DLL
0x00007ffd74c30000 - 0x00007ffd74c3c000 	C:\Program Files\Java\jdk-17\bin\vcruntime140_1.dll
0x00007ffd2b070000 - 0x00007ffd2b0fe000 	C:\Program Files\Java\jdk-17\bin\msvcp140.dll
0x00007ffcf87b0000 - 0x00007ffcf9390000 	C:\Program Files\Java\jdk-17\bin\server\jvm.dll
0x00007ffd7dc80000 - 0x00007ffd7dc88000 	C:\WINDOWS\System32\PSAPI.DLL
0x00007ffd74b90000 - 0x00007ffd74b9a000 	C:\WINDOWS\SYSTEM32\WSOCK32.dll
0x00007ffd732d0000 - 0x00007ffd73306000 	C:\WINDOWS\SYSTEM32\WINMM.dll
0x00007ffd7e330000 - 0x00007ffd7e3b0000 	C:\WINDOWS\System32\WS2_32.dll
0x00007ffd7b2c0000 - 0x00007ffd7b2db000 	C:\WINDOWS\SYSTEM32\kernel.appcore.dll
0x00007ffd6b2c0000 - 0x00007ffd6b2ca000 	C:\Program Files\Java\jdk-17\bin\jimage.dll
0x00007ffd79ce0000 - 0x00007ffd79f22000 	C:\WINDOWS\SYSTEM32\DBGHELP.DLL
0x00007ffd7de80000 - 0x00007ffd7e203000 	C:\WINDOWS\System32\combase.dll
0x00007ffd7e210000 - 0x00007ffd7e2e9000 	C:\WINDOWS\System32\OLEAUT32.dll
0x00007ffd5f590000 - 0x00007ffd5f5cb000 	C:\WINDOWS\SYSTEM32\dbgcore.DLL
0x00007ffd7cde0000 - 0x00007ffd7ce88000 	C:\WINDOWS\System32\bcryptPrimitives.dll
0x00007ffd4ba30000 - 0x00007ffd4ba55000 	C:\Program Files\Java\jdk-17\bin\java.dll

dbghelp: loaded successfully - version: 4.0.5 - missing functions: none
symbol engine: initialized successfully - sym options: 0x614 - pdb path: .;C:\Program Files\Java\jdk-17\bin;C:\WINDOWS\SYSTEM32;C:\WINDOWS\WinSxS\amd64_microsoft.windows.common-controls_6595b64144ccf1df_6.0.26100.8521_none_3e08b75ce33403b3;C:\Program Files\Java\jdk-17\bin\server

VM Arguments:
jvm_args: -Xmx256m -Xms128m -XX:MaxMetaspaceSize=128m -Dclassworlds.conf=C:\Users\divya\.m2\wrapper\dists\apache-maven-3.9.6\bin\m2.conf -Dmaven.home=C:\Users\divya\.m2\wrapper\dists\apache-maven-3.9.6 -Dlibrary.jansi.path=C:\Users\divya\.m2\wrapper\dists\apache-maven-3.9.6\lib\jansi-native -Dmaven.multiModuleProjectDirectory=D:\54b7\PROJECT 
java_command: org.codehaus.plexus.classworlds.launcher.Launcher spring-boot:run
java_class_path (initial): C:\Users\divya\.m2\wrapper\dists\apache-maven-3.9.6\boot\plexus-classworlds-2.7.0.jar
Launcher Type: SUN_STANDARD

[Global flags]
     intx CICompilerCount                          = 4                                         {product} {ergonomic}
   size_t CompressedClassSpaceSize                 = 117440512                                 {product} {ergonomic}
     uint ConcGCThreads                            = 2                                         {product} {ergonomic}
     uint G1ConcRefinementThreads                  = 8                                         {product} {ergonomic}
   size_t G1HeapRegionSize                         = 1048576                                   {product} {ergonomic}
    uintx GCDrainStackTargetSize                   = 64                                        {product} {ergonomic}
   size_t InitialHeapSize                          = 134217728                                 {product} {command line}
   size_t MarkStackSize                            = 4194304                                   {product} {ergonomic}
   size_t MaxHeapSize                              = 268435456                                 {product} {command line}
   size_t MaxMetaspaceSize                         = 134217728                                 {product} {command line}
   size_t MinHeapDeltaBytes                        = 1048576                                   {product} {ergonomic}
   size_t MinHeapSize                              = 134217728                                 {product} {command line}
    uintx NonNMethodCodeHeapSize                   = 5839372                                {pd product} {ergonomic}
    uintx NonProfiledCodeHeapSize                  = 122909434                              {pd product} {ergonomic}
    uintx ProfiledCodeHeapSize                     = 122909434                              {pd product} {ergonomic}
    uintx ReservedCodeCacheSize                    = 251658240                              {pd product} {ergonomic}
     bool SegmentedCodeCache                       = true                                      {product} {ergonomic}
   size_t SoftMaxHeapSize                          = 268435456                              {manageable} {ergonomic}
     bool UseCompressedClassPointers               = true                           {product lp64_product} {ergonomic}
     bool UseCompressedOops                        = true                           {product lp64_product} {ergonomic}
     bool UseG1GC                                  = true                                      {product} {ergonomic}
     bool UseLargePagesIndividualAllocation        = false                                  {pd product} {ergonomic}

Logging:
Log output configuration:
 #0: stdout all=warning uptime,level,tags
 #1: stderr all=off uptime,level,tags

Environment Variables:
JAVA_HOME=C:\Program Files\Java\jdk-17
PATH=C:\Program Files\Microsoft MPI\Bin\;C:\Program Files\Common Files\Oracle\Java\javapath;C:\WINDOWS\system32;C:\WINDOWS;C:\WINDOWS\System32\Wbem;C:\WINDOWS\System32\WindowsPowerShell\v1.0\;C:\WINDOWS\System32\OpenSSH\;C:\Program Files\dotnet\;C:\Program Files\Java;C:\Program Files\nodejs\;C:\Program Files (x86)\Microsoft SQL Server\160\Tools\Binn\;C:\Program Files\Microsoft SQL Server\160\Tools\Binn\;C:\Program Files\Microsoft SQL Server\Client SDK\ODBC\170\Tools\Binn\;C:\Program Files\Microsoft SQL Server\160\DTS\Binn\;C:\Program Files\Azure Data Studio\bin;C:\dartsdk-windows-x64-release.zip;C:\dartsdk-windows-x64-release.zip\dart-sdk;C:\dartsdk-windows-x64-release\dart-sdk\bin;C:\flutter_windows_3.32.7-stable\flutter\bin;D:\MySQL\MySQL Server 9.7\bin;C:\Users\divya\AppData\Local\Microsoft\WindowsApps;C:\Users\divya\AppData\Local\Programs\Microsoft VS Code\bin;C:\Users\divya\AppData\Roaming\npm;C:\Program Files\Azure Data Studio\bin;C:\dartsdk-windows-x64-release\dart-sdk\bin;C:\flutter_windows_3.32.7-stable\flutter\bin;D:\54b7\AntigravityIDE\Antigravity IDE\bin
USERNAME=divya
OS=Windows_NT
PROCESSOR_IDENTIFIER=Intel64 Family 6 Model 140 Stepping 1, GenuineIntel



---------------  S Y S T E M  ---------------

OS:
 Windows 11 , 64 bit Build 26100 (10.0.26100.8521)
OS uptime: 5 days 7:09 hours
Hyper-V role detected

CPU: total 8 (initial active 8) (4 cores per cpu, 2 threads per core) family 6 model 140 stepping 1 microcode 0xbe, cx8, cmov, fxsr, ht, mmx, 3dnowpref, sse, sse2, sse3, ssse3, sse4.1, sse4.2, popcnt, lzcnt, tsc, tscinvbit, avx, avx2, aes, erms, clmul, bmi1, bmi2, adx, avx512f, avx512dq, avx512cd, avx512bw, avx512vl, sha, fma, vzeroupper, avx512_vpopcntdq, avx512_vpclmulqdq, avx512_vaes, avx512_vnni, clflush, clflushopt, clwb, avx512_vbmi2, avx512_vbmi, hv

Memory: 4k page, system-wide physical 7926M (825M free)
TotalPageFile size 20216M (AvailPageFile size 10M)
current process WorkingSet (physical memory assigned to process): 11M, peak: 11M
current process commit charge ("private bytes"): 14M, peak: 15M

vm_info: Java HotSpot(TM) 64-Bit Server VM (17.0.11+7-LTS-207) for windows-amd64 JRE (17.0.11+7-LTS-207), built on Mar 11 2024 19:01:50 by "mach5one" with MS VC++ 17.6 (VS2022)

END.
