#
# There is insufficient memory for the Java Runtime Environment to continue.
# Native memory allocation (malloc) failed to allocate 867520 bytes for Chunk::new
# Possible reasons:
#   The system is out of physical RAM or swap space
#   The process is running with CompressedOops enabled, and the Java Heap may be blocking the growth of the native heap
# Possible solutions:
#   Reduce memory load on the system
#   Increase physical memory or swap space
#   Check if swap backing store is full
#   Decrease Java heap size (-Xmx/-Xms)
#   Decrease number of Java threads
#   Decrease Java thread stack sizes (-Xss)
#   Set larger code cache with -XX:ReservedCodeCacheSize=
#   JVM is running with Unscaled Compressed Oops mode in which the Java heap is
#     placed in the first 4GB address space. The Java Heap base address is the
#     maximum limit for the native heap growth. Please use -XX:HeapBaseMinAddress
#     to set the Java Heap base and to place the Java Heap above 4GB virtual address.
# This output file may be truncated or incomplete.
#
#  Out of Memory Error (arena.cpp:189), pid=4024, tid=22316
#
# JRE version: Java(TM) SE Runtime Environment (17.0.11+7) (build 17.0.11+7-LTS-207)
# Java VM: Java HotSpot(TM) 64-Bit Server VM (17.0.11+7-LTS-207, mixed mode, sharing, tiered, compressed oops, compressed class ptrs, g1 gc, windows-amd64)
# No core dump will be written. Minidumps are not enabled by default on client versions of Windows
#

---------------  S U M M A R Y ------------

Command Line: -Dclassworlds.conf=C:\Users\divya\.m2\wrapper\dists\apache-maven-3.9.6\bin\m2.conf -Dmaven.home=C:\Users\divya\.m2\wrapper\dists\apache-maven-3.9.6 -Dlibrary.jansi.path=C:\Users\divya\.m2\wrapper\dists\apache-maven-3.9.6\lib\jansi-native -Dmaven.multiModuleProjectDirectory=D:\54b7\PROJECT org.codehaus.plexus.classworlds.launcher.Launcher spring-boot:run

Host: 11th Gen Intel(R) Core(TM) i5-1135G7 @ 2.40GHz, 8 cores, 7G,  Windows 11 , 64 bit Build 26100 (10.0.26100.8521)
Time: Wed Jun 17 20:47:49 2026 India Standard Time elapsed time: 38.460706 seconds (0d 0h 0m 38s)

---------------  T H R E A D  ---------------

Current thread (0x000001f3cd297e60):  JavaThread "C2 CompilerThread0" daemon [_thread_in_native, id=22316, stack(0x000000d826d00000,0x000000d826e00000)]


Current CompileTask:
C2:  38460 6454       4       org.codehaus.plexus.util.xml.Xpp3DomBuilder::build (413 bytes)

Stack: [0x000000d826d00000,0x000000d826e00000]
Native frames: (J=compiled Java code, j=interpreted, Vv=VM code, C=native code)
V  [jvm.dll+0x679cca]
V  [jvm.dll+0x7da13d]
V  [jvm.dll+0x7dba83]
V  [jvm.dll+0x7dc0f3]
V  [jvm.dll+0x2449af]
V  [jvm.dll+0xab83b]
V  [jvm.dll+0xabe1c]
V  [jvm.dll+0x3615ae]
V  [jvm.dll+0x1b9fca]
V  [jvm.dll+0x216337]
V  [jvm.dll+0x21560f]
V  [jvm.dll+0x1a2040]
V  [jvm.dll+0x225a2b]
V  [jvm.dll+0x223bcb]
V  [jvm.dll+0x7903ec]
V  [jvm.dll+0x78a85a]
V  [jvm.dll+0x678bb5]
C  [ucrtbase.dll+0x2cd30]
C  [KERNEL32.DLL+0x2e957]
C  [ntdll.dll+0x87c1c]


---------------  P R O C E S S  ---------------

Threads class SMR info:
_java_thread_list=0x000001f4139e40b0, length=13, elements={
0x000001f3af2e1cb0, 0x000001f3cd2723d0, 0x000001f3cd2733a0, 0x000001f3cd288c20,
0x000001f3cd2895e0, 0x000001f3cd28a1b0, 0x000001f3cd28af80, 0x000001f3cd297e60,
0x000001f3cd29a920, 0x000001f3cd29f670, 0x000001f3cd4ef0f0, 0x000001f3cd4f1210,
0x000001f3cdddc590
}

Java Threads: ( => current thread )
  0x000001f3af2e1cb0 JavaThread "main" [_thread_in_vm, id=30140, stack(0x000000d826000000,0x000000d826100000)]
  0x000001f3cd2723d0 JavaThread "Reference Handler" daemon [_thread_blocked, id=21192, stack(0x000000d826700000,0x000000d826800000)]
  0x000001f3cd2733a0 JavaThread "Finalizer" daemon [_thread_blocked, id=28696, stack(0x000000d826800000,0x000000d826900000)]
  0x000001f3cd288c20 JavaThread "Signal Dispatcher" daemon [_thread_blocked, id=17820, stack(0x000000d826900000,0x000000d826a00000)]
  0x000001f3cd2895e0 JavaThread "Attach Listener" daemon [_thread_blocked, id=31232, stack(0x000000d826a00000,0x000000d826b00000)]
  0x000001f3cd28a1b0 JavaThread "Service Thread" daemon [_thread_blocked, id=12640, stack(0x000000d826b00000,0x000000d826c00000)]
  0x000001f3cd28af80 JavaThread "Monitor Deflation Thread" daemon [_thread_blocked, id=16616, stack(0x000000d826c00000,0x000000d826d00000)]
=>0x000001f3cd297e60 JavaThread "C2 CompilerThread0" daemon [_thread_in_native, id=22316, stack(0x000000d826d00000,0x000000d826e00000)]
  0x000001f3cd29a920 JavaThread "C1 CompilerThread0" daemon [_thread_in_native, id=10028, stack(0x000000d826e00000,0x000000d826f00000)]
  0x000001f3cd29f670 JavaThread "Sweeper thread" daemon [_thread_blocked, id=20008, stack(0x000000d826f00000,0x000000d827000000)]
  0x000001f3cd4ef0f0 JavaThread "Notification Thread" daemon [_thread_blocked, id=19528, stack(0x000000d827000000,0x000000d827100000)]
  0x000001f3cd4f1210 JavaThread "Common-Cleaner" daemon [_thread_blocked, id=29680, stack(0x000000d827200000,0x000000d827300000)]
  0x000001f3cdddc590 JavaThread "C2 CompilerThread1" daemon [_thread_in_native, id=30916, stack(0x000000d827d00000,0x000000d827e00000)]

Other Threads:
  0x000001f3cd26da20 VMThread "VM Thread" [stack: 0x000000d826600000,0x000000d826700000] [id=17208]
  0x000001f3af356210 WatcherThread [stack: 0x000000d827100000,0x000000d827200000] [id=15160]
  0x000001f3af33adf0 GCTaskThread "GC Thread#0" [stack: 0x000000d826100000,0x000000d826200000] [id=2892]
  0x000001f3cdd20740 GCTaskThread "GC Thread#1" [stack: 0x000000d827500000,0x000000d827600000] [id=31680]
  0x000001f3cdef2820 GCTaskThread "GC Thread#2" [stack: 0x000000d827600000,0x000000d827700000] [id=9300]
  0x000001f3cd598f80 GCTaskThread "GC Thread#3" [stack: 0x000000d827700000,0x000000d827800000] [id=16284]
  0x000001f41323dc80 GCTaskThread "GC Thread#4" [stack: 0x000000d827800000,0x000000d827900000] [id=28492]
  0x000001f3cdd8a7f0 GCTaskThread "GC Thread#5" [stack: 0x000000d827900000,0x000000d827a00000] [id=19928]
  0x000001f3cdd8aab0 GCTaskThread "GC Thread#6" [stack: 0x000000d827a00000,0x000000d827b00000] [id=14552]
  0x000001f3cde52980 GCTaskThread "GC Thread#7" [stack: 0x000000d827b00000,0x000000d827c00000] [id=31328]
  0x000001f3af34b500 ConcurrentGCThread "G1 Main Marker" [stack: 0x000000d826200000,0x000000d826300000] [id=22088]
  0x000001f3af34ee30 ConcurrentGCThread "G1 Conc#0" [stack: 0x000000d826300000,0x000000d826400000] [id=16484]
  0x000001f41368fd30 ConcurrentGCThread "G1 Conc#1" [stack: 0x000000d827400000,0x000000d827500000] [id=9264]
  0x000001f3cd1120b0 ConcurrentGCThread "G1 Refine#0" [stack: 0x000000d826400000,0x000000d826500000] [id=19180]
  0x000001f3cd112880 ConcurrentGCThread "G1 Service" [stack: 0x000000d826500000,0x000000d826600000] [id=24860]

Threads with active compile tasks:
C2 CompilerThread0    38498 6454       4       org.codehaus.plexus.util.xml.Xpp3DomBuilder::build (413 bytes)
C2 CompilerThread1    38498 6464       4       jdk.internal.reflect.ClassFileAssembler::emitConstantPoolUTF8 (50 bytes)

VM state: not at safepoint (normal execution)

VM Mutex/Monitor currently owned by a thread: None

Heap address: 0x0000000084200000, size: 1982 MB, Compressed Oops mode: 32-bit

CDS archive(s) mapped at: [0x000001f3ce000000-0x000001f3cebd0000-0x000001f3cebd0000), size 12386304, SharedBaseAddress: 0x000001f3ce000000, ArchiveRelocationMode: 1.
Compressed class space mapped at: 0x000001f3cf000000-0x000001f40f000000, reserved size: 1073741824
Narrow klass base: 0x000001f3ce000000, Narrow klass shift: 0, Narrow klass range: 0x100000000

GC Precious Log:
 CPUs: 8 total, 8 available
 Memory: 7926M
 Large Page Support: Disabled
 NUMA Support: Disabled
 Compressed Oops: Enabled (32-bit)
 Heap Region Size: 1M
 Heap Min Capacity: 8M
 Heap Initial Capacity: 124M
 Heap Max Capacity: 1982M
 Pre-touch: Disabled
 Parallel Workers: 8
 Concurrent Workers: 2
 Concurrent Refinement Workers: 8
 Periodic GC: Disabled

Heap:
 garbage-first heap   total 40960K, used 27445K [0x0000000084200000, 0x0000000100000000)
  region size 1024K, 9 young (9216K), 1 survivors (1024K)
 Metaspace       used 25510K, committed 25792K, reserved 1114112K
  class space    used 2859K, committed 3008K, reserved 1048576K

Heap Regions: E=young(eden), S=young(survivor), O=old, HS=humongous(starts), HC=humongous(continues), CS=collection set, F=free, OA=open archive, CA=closed archive, TAMS=top-at-mark-start (previous, next)
|   0|0x0000000084200000, 0x0000000084300000, 0x0000000084300000|100%| O|  |TAMS 0x0000000084300000, 0x0000000084200000| Untracked 
|   1|0x0000000084300000, 0x0000000084400000, 0x0000000084400000|100%| O|  |TAMS 0x0000000084400000, 0x0000000084300000| Untracked 
|   2|0x0000000084400000, 0x0000000084500000, 0x0000000084500000|100%| O|  |TAMS 0x0000000084500000, 0x0000000084400000| Untracked 
|   3|0x0000000084500000, 0x00000000845e7800, 0x0000000084600000| 90%| O|  |TAMS 0x00000000845e7800, 0x0000000084500000| Untracked 
|   4|0x0000000084600000, 0x0000000084700000, 0x0000000084700000|100%| O|  |TAMS 0x0000000084700000, 0x0000000084600000| Untracked 
|   5|0x0000000084700000, 0x0000000084800000, 0x0000000084800000|100%| O|  |TAMS 0x0000000084800000, 0x0000000084700000| Untracked 
|   6|0x0000000084800000, 0x0000000084900000, 0x0000000084900000|100%| O|  |TAMS 0x0000000084900000, 0x0000000084800000| Untracked 
|   7|0x0000000084900000, 0x0000000084a00000, 0x0000000084a00000|100%| O|  |TAMS 0x0000000084a00000, 0x0000000084900000| Untracked 
|   8|0x0000000084a00000, 0x0000000084b00000, 0x0000000084b00000|100%| O|  |TAMS 0x0000000084b00000, 0x0000000084a00000| Untracked 
|   9|0x0000000084b00000, 0x0000000084c00000, 0x0000000084c00000|100%| O|  |TAMS 0x0000000084c00000, 0x0000000084b00000| Untracked 
|  10|0x0000000084c00000, 0x0000000084d00000, 0x0000000084d00000|100%| O|  |TAMS 0x0000000084d00000, 0x0000000084c00000| Untracked 
|  11|0x0000000084d00000, 0x0000000084e00000, 0x0000000084e00000|100%| O|  |TAMS 0x0000000084e00000, 0x0000000084d00000| Untracked 
|  12|0x0000000084e00000, 0x0000000084f00000, 0x0000000084f00000|100%| O|  |TAMS 0x0000000084f00000, 0x0000000084e00000| Untracked 
|  13|0x0000000084f00000, 0x0000000085000000, 0x0000000085000000|100%| O|  |TAMS 0x0000000085000000, 0x0000000084f00000| Untracked 
|  14|0x0000000085000000, 0x0000000085100000, 0x0000000085100000|100%| O|  |TAMS 0x0000000085100000, 0x0000000085000000| Untracked 
|  15|0x0000000085100000, 0x0000000085200000, 0x0000000085200000|100%| O|  |TAMS 0x0000000085200000, 0x0000000085100000| Untracked 
|  16|0x0000000085200000, 0x0000000085300000, 0x0000000085300000|100%| O|  |TAMS 0x0000000085300000, 0x0000000085200000| Untracked 
|  17|0x0000000085300000, 0x0000000085400000, 0x0000000085400000|100%| O|  |TAMS 0x0000000085400000, 0x0000000085300000| Untracked 
|  18|0x0000000085400000, 0x00000000854e5e00, 0x0000000085500000| 89%| O|  |TAMS 0x00000000854e5e00, 0x0000000085400000| Untracked 
|  19|0x0000000085500000, 0x0000000085500000, 0x0000000085600000|  0%| F|  |TAMS 0x0000000085500000, 0x0000000085500000| Untracked 
|  20|0x0000000085600000, 0x0000000085600000, 0x0000000085700000|  0%| F|  |TAMS 0x0000000085600000, 0x0000000085600000| Untracked 
|  21|0x0000000085700000, 0x0000000085700000, 0x0000000085800000|  0%| F|  |TAMS 0x0000000085700000, 0x0000000085700000| Untracked 
|  22|0x0000000085800000, 0x0000000085800000, 0x0000000085900000|  0%| F|  |TAMS 0x0000000085800000, 0x0000000085800000| Untracked 
|  23|0x0000000085900000, 0x0000000085900000, 0x0000000085a00000|  0%| F|  |TAMS 0x0000000085900000, 0x0000000085900000| Untracked 
|  24|0x0000000085a00000, 0x0000000085b00000, 0x0000000085b00000|100%| S|CS|TAMS 0x0000000085a00000, 0x0000000085a00000| Complete 
|  25|0x0000000085b00000, 0x0000000085b00000, 0x0000000085c00000|  0%| F|  |TAMS 0x0000000085b00000, 0x0000000085b00000| Untracked 
|  26|0x0000000085c00000, 0x0000000085c00000, 0x0000000085d00000|  0%| F|  |TAMS 0x0000000085c00000, 0x0000000085c00000| Untracked 
|  27|0x0000000085d00000, 0x0000000085d00000, 0x0000000085e00000|  0%| F|  |TAMS 0x0000000085d00000, 0x0000000085d00000| Untracked 
|  28|0x0000000085e00000, 0x0000000085e00000, 0x0000000085f00000|  0%| F|  |TAMS 0x0000000085e00000, 0x0000000085e00000| Untracked 
|  29|0x0000000085f00000, 0x0000000085f00000, 0x0000000086000000|  0%| F|  |TAMS 0x0000000085f00000, 0x0000000085f00000| Untracked 
|  30|0x0000000086000000, 0x0000000086000000, 0x0000000086100000|  0%| F|  |TAMS 0x0000000086000000, 0x0000000086000000| Untracked 
|  31|0x0000000086100000, 0x0000000086100000, 0x0000000086200000|  0%| F|  |TAMS 0x0000000086100000, 0x0000000086100000| Untracked 
|  81|0x0000000089300000, 0x00000000893aaee0, 0x0000000089400000| 66%| E|  |TAMS 0x0000000089300000, 0x0000000089300000| Complete 
|  82|0x0000000089400000, 0x0000000089500000, 0x0000000089500000|100%| E|CS|TAMS 0x0000000089400000, 0x0000000089400000| Complete 
|  83|0x0000000089500000, 0x0000000089600000, 0x0000000089600000|100%| E|CS|TAMS 0x0000000089500000, 0x0000000089500000| Complete 
|  84|0x0000000089600000, 0x0000000089700000, 0x0000000089700000|100%| E|CS|TAMS 0x0000000089600000, 0x0000000089600000| Complete 
|  85|0x0000000089700000, 0x0000000089800000, 0x0000000089800000|100%| E|CS|TAMS 0x0000000089700000, 0x0000000089700000| Complete 
|  86|0x0000000089800000, 0x0000000089900000, 0x0000000089900000|100%| E|CS|TAMS 0x0000000089800000, 0x0000000089800000| Complete 
|  87|0x0000000089900000, 0x0000000089a00000, 0x0000000089a00000|100%| E|CS|TAMS 0x0000000089900000, 0x0000000089900000| Complete 
| 123|0x000000008bd00000, 0x000000008be00000, 0x000000008be00000|100%| E|CS|TAMS 0x000000008bd00000, 0x000000008bd00000| Complete 

Card table byte_map: [0x000001f3c62b0000,0x000001f3c6690000] _byte_map_base: 0x000001f3c5e8f000

Marking Bits (Prev, Next): (CMBitMap*) 0x000001f3af33b450, (CMBitMap*) 0x000001f3af33b410
 Prev Bits: [0x000001f3c8970000, 0x000001f3ca868000)
 Next Bits: [0x000001f3c6a70000, 0x000001f3c8968000)

Polling page: 0x000001f3ad290000

Metaspace:

Usage:
  Non-class:     22.12 MB used.
      Class:      2.79 MB used.
       Both:     24.91 MB used.

Virtual space:
  Non-class space:       64.00 MB reserved,      22.25 MB ( 35%) committed,  1 nodes.
      Class space:        1.00 GB reserved,       2.94 MB ( <1%) committed,  1 nodes.
             Both:        1.06 GB reserved,      25.19 MB (  2%) committed. 

Chunk freelists:
   Non-Class:  9.52 MB
       Class:  13.03 MB
        Both:  22.55 MB

MaxMetaspaceSize: unlimited
CompressedClassSpaceSize: 1.00 GB
Initial GC threshold: 21.00 MB
Current GC threshold: 41.38 MB
CDS: on
MetaspaceReclaimPolicy: balanced
 - commit_granule_bytes: 65536.
 - commit_granule_words: 8192.
 - virtual_space_node_default_size: 8388608.
 - enlarge_chunks_in_place: 1.
 - new_chunks_are_fully_committed: 0.
 - uncommit_free_chunks: 1.
 - use_allocation_guard: 0.
 - handle_deallocations: 1.


Internal statistics:

num_allocs_failed_limit: 3.
num_arena_births: 144.
num_arena_deaths: 0.
num_vsnodes_births: 2.
num_vsnodes_deaths: 0.
num_space_committed: 403.
num_space_uncommitted: 0.
num_chunks_returned_to_freelist: 3.
num_chunks_taken_from_freelist: 866.
num_chunk_merges: 0.
num_chunk_splits: 569.
num_chunks_enlarged: 439.
num_inconsistent_stats: 0.

CodeHeap 'non-profiled nmethods': size=120000Kb used=3142Kb max_used=3142Kb free=116858Kb
 bounds [0x000001f3be670000, 0x000001f3be9a0000, 0x000001f3c5ba0000]
CodeHeap 'profiled nmethods': size=120000Kb used=11411Kb max_used=12966Kb free=108589Kb
 bounds [0x000001f3b6ba0000, 0x000001f3b7850000, 0x000001f3be0d0000]
CodeHeap 'non-nmethods': size=5760Kb used=1247Kb max_used=1298Kb free=4512Kb
 bounds [0x000001f3be0d0000, 0x000001f3be340000, 0x000001f3be670000]
 total_blobs=6155 nmethods=5620 adapters=447
 compilation: enabled
              stopped_count=0, restarted_count=0
 full_count=0

Compilation events (20 events):
Event: 38.426 Thread 0x000001f3cd29a920 6490       3       java.util.WeakHashMap::size (18 bytes)
Event: 38.427 Thread 0x000001f3cd29a920 nmethod 6490 0x000001f3b7230f10 code [0x000001f3b72310c0, 0x000001f3b7231288]
Event: 38.432 Thread 0x000001f3cd29a920 6491       3       java.util.jar.JarFile::match (132 bytes)
Event: 38.432 Thread 0x000001f3cd29a920 nmethod 6491 0x000001f3b72a0610 code [0x000001f3b72a0800, 0x000001f3b72a0d78]
Event: 38.432 Thread 0x000001f3cd29a920 6492       3       java.io.WinNTFileSystem::prefixLength (91 bytes)
Event: 38.434 Thread 0x000001f3cd29a920 nmethod 6492 0x000001f3b72a8990 code [0x000001f3b72a8cc0, 0x000001f3b72aa158]
Event: 38.438 Thread 0x000001f3cd29a920 6493       3       java.nio.file.attribute.FileTime::toMillis (98 bytes)
Event: 38.439 Thread 0x000001f3cd29a920 nmethod 6493 0x000001f3b72ce390 code [0x000001f3b72ce560, 0x000001f3b72cea08]
Event: 38.447 Thread 0x000001f3cd29a920 6494       3       org.eclipse.sisu.plexus.PlexusTypeVisitor::visitAnnotation (24 bytes)
Event: 38.447 Thread 0x000001f3cd29a920 nmethod 6494 0x000001f3b7259890 code [0x000001f3b7259a40, 0x000001f3b7259c38]
Event: 38.447 Thread 0x000001f3cd29a920 6495       3       org.eclipse.sisu.space.QualifiedTypeVisitor::visitAnnotation (41 bytes)
Event: 38.448 Thread 0x000001f3cd29a920 nmethod 6495 0x000001f3b7261590 code [0x000001f3b7261740, 0x000001f3b7261988]
Event: 38.451 Thread 0x000001f3cd29a920 6496       3       com.google.inject.internal.BindingBuilder::to (43 bytes)
Event: 38.453 Thread 0x000001f3cd29a920 nmethod 6496 0x000001f3b6cbdb10 code [0x000001f3b6cbdd60, 0x000001f3b6cbebc8]
Event: 38.453 Thread 0x000001f3cd29a920 6497       3       com.google.inject.internal.LinkedBindingImpl::<init> (14 bytes)
Event: 38.453 Thread 0x000001f3cd29a920 nmethod 6497 0x000001f3b726a190 code [0x000001f3b726a340, 0x000001f3b726a6d8]
Event: 38.455 Thread 0x000001f3cd29a920 6498   !   3       com.google.inject.spi.InjectionPoint::forConstructorOf (258 bytes)
Event: 38.458 Thread 0x000001f3cd29a920 nmethod 6498 0x000001f3b6bcbe10 code [0x000001f3b6bcc360, 0x000001f3b6bcecc8]
Event: 38.458 Thread 0x000001f3cd29a920 6499       3       org.eclipse.sisu.space.AbstractDeferredClass::getImplementationClass (2 bytes)
Event: 38.458 Thread 0x000001f3cd29a920 nmethod 6499 0x000001f3b7138910 code [0x000001f3b7138aa0, 0x000001f3b7138bb8]

GC Heap History (20 events):
Event: 22.474 GC heap before
{Heap before GC invocations=10 (full 0):
 garbage-first heap   total 40960K, used 31264K [0x0000000084200000, 0x0000000100000000)
  region size 1024K, 15 young (15360K), 2 survivors (2048K)
 Metaspace       used 24427K, committed 24704K, reserved 1114112K
  class space    used 2791K, committed 2944K, reserved 1048576K
}
Event: 22.480 GC heap after
{Heap after GC invocations=11 (full 0):
 garbage-first heap   total 40960K, used 18820K [0x0000000084200000, 0x0000000100000000)
  region size 1024K, 2 young (2048K), 2 survivors (2048K)
 Metaspace       used 24427K, committed 24704K, reserved 1114112K
  class space    used 2791K, committed 2944K, reserved 1048576K
}
Event: 24.320 GC heap before
{Heap before GC invocations=11 (full 0):
 garbage-first heap   total 40960K, used 32132K [0x0000000084200000, 0x0000000100000000)
  region size 1024K, 15 young (15360K), 2 survivors (2048K)
 Metaspace       used 24516K, committed 24832K, reserved 1114112K
  class space    used 2792K, committed 2944K, reserved 1048576K
}
Event: 24.324 GC heap after
{Heap after GC invocations=12 (full 0):
 garbage-first heap   total 40960K, used 19260K [0x0000000084200000, 0x0000000100000000)
  region size 1024K, 2 young (2048K), 2 survivors (2048K)
 Metaspace       used 24516K, committed 24832K, reserved 1114112K
  class space    used 2792K, committed 2944K, reserved 1048576K
}
Event: 27.741 GC heap before
{Heap before GC invocations=12 (full 0):
 garbage-first heap   total 40960K, used 32572K [0x0000000084200000, 0x0000000100000000)
  region size 1024K, 15 young (15360K), 2 survivors (2048K)
 Metaspace       used 24657K, committed 24960K, reserved 1114112K
  class space    used 2792K, committed 2944K, reserved 1048576K
}
Event: 27.746 GC heap after
{Heap after GC invocations=13 (full 0):
 garbage-first heap   total 40960K, used 19458K [0x0000000084200000, 0x0000000100000000)
  region size 1024K, 1 young (1024K), 1 survivors (1024K)
 Metaspace       used 24657K, committed 24960K, reserved 1114112K
  class space    used 2792K, committed 2944K, reserved 1048576K
}
Event: 28.740 GC heap before
{Heap before GC invocations=13 (full 0):
 garbage-first heap   total 40960K, used 32770K [0x0000000084200000, 0x0000000100000000)
  region size 1024K, 14 young (14336K), 1 survivors (1024K)
 Metaspace       used 24941K, committed 25216K, reserved 1114112K
  class space    used 2815K, committed 2944K, reserved 1048576K
}
Event: 28.746 GC heap after
{Heap after GC invocations=14 (full 0):
 garbage-first heap   total 40960K, used 20206K [0x0000000084200000, 0x0000000100000000)
  region size 1024K, 2 young (2048K), 2 survivors (2048K)
 Metaspace       used 24941K, committed 25216K, reserved 1114112K
  class space    used 2815K, committed 2944K, reserved 1048576K
}
Event: 29.941 GC heap before
{Heap before GC invocations=15 (full 0):
 garbage-first heap   total 40960K, used 32494K [0x0000000084200000, 0x0000000100000000)
  region size 1024K, 14 young (14336K), 2 survivors (2048K)
 Metaspace       used 24961K, committed 25216K, reserved 1114112K
  class space    used 2815K, committed 2944K, reserved 1048576K
}
Event: 29.944 GC heap after
{Heap after GC invocations=16 (full 0):
 garbage-first heap   total 40960K, used 20275K [0x0000000084200000, 0x0000000100000000)
  region size 1024K, 1 young (1024K), 1 survivors (1024K)
 Metaspace       used 24961K, committed 25216K, reserved 1114112K
  class space    used 2815K, committed 2944K, reserved 1048576K
}
Event: 31.629 GC heap before
{Heap before GC invocations=16 (full 0):
 garbage-first heap   total 40960K, used 33587K [0x0000000084200000, 0x0000000100000000)
  region size 1024K, 15 young (15360K), 1 survivors (1024K)
 Metaspace       used 24964K, committed 25216K, reserved 1114112K
  class space    used 2815K, committed 2944K, reserved 1048576K
}
Event: 31.632 GC heap after
{Heap after GC invocations=17 (full 0):
 garbage-first heap   total 40960K, used 20254K [0x0000000084200000, 0x0000000100000000)
  region size 1024K, 1 young (1024K), 1 survivors (1024K)
 Metaspace       used 24964K, committed 25216K, reserved 1114112K
  class space    used 2815K, committed 2944K, reserved 1048576K
}
Event: 33.269 GC heap before
{Heap before GC invocations=18 (full 0):
 garbage-first heap   total 40960K, used 34590K [0x0000000084200000, 0x0000000100000000)
  region size 1024K, 15 young (15360K), 1 survivors (1024K)
 Metaspace       used 24976K, committed 25216K, reserved 1114112K
  class space    used 2815K, committed 2944K, reserved 1048576K
}
Event: 33.273 GC heap after
{Heap after GC invocations=19 (full 0):
 garbage-first heap   total 40960K, used 20277K [0x0000000084200000, 0x0000000100000000)
  region size 1024K, 1 young (1024K), 1 survivors (1024K)
 Metaspace       used 24976K, committed 25216K, reserved 1114112K
  class space    used 2815K, committed 2944K, reserved 1048576K
}
Event: 34.876 GC heap before
{Heap before GC invocations=19 (full 0):
 garbage-first heap   total 40960K, used 33589K [0x0000000084200000, 0x0000000100000000)
  region size 1024K, 15 young (15360K), 1 survivors (1024K)
 Metaspace       used 24979K, committed 25216K, reserved 1114112K
  class space    used 2815K, committed 2944K, reserved 1048576K
}
Event: 34.879 GC heap after
{Heap after GC invocations=20 (full 0):
 garbage-first heap   total 40960K, used 20241K [0x0000000084200000, 0x0000000100000000)
  region size 1024K, 1 young (1024K), 1 survivors (1024K)
 Metaspace       used 24979K, committed 25216K, reserved 1114112K
  class space    used 2815K, committed 2944K, reserved 1048576K
}
Event: 36.383 GC heap before
{Heap before GC invocations=21 (full 0):
 garbage-first heap   total 40960K, used 33553K [0x0000000084200000, 0x0000000100000000)
  region size 1024K, 15 young (15360K), 1 survivors (1024K)
 Metaspace       used 25067K, committed 25344K, reserved 1114112K
  class space    used 2815K, committed 2944K, reserved 1048576K
}
Event: 36.386 GC heap after
{Heap after GC invocations=22 (full 0):
 garbage-first heap   total 40960K, used 20277K [0x0000000084200000, 0x0000000100000000)
  region size 1024K, 1 young (1024K), 1 survivors (1024K)
 Metaspace       used 25067K, committed 25344K, reserved 1114112K
  class space    used 2815K, committed 2944K, reserved 1048576K
}
Event: 38.215 GC heap before
{Heap before GC invocations=22 (full 0):
 garbage-first heap   total 40960K, used 33589K [0x0000000084200000, 0x0000000100000000)
  region size 1024K, 15 young (15360K), 1 survivors (1024K)
 Metaspace       used 25173K, committed 25408K, reserved 1114112K
  class space    used 2820K, committed 2944K, reserved 1048576K
}
Event: 38.217 GC heap after
{Heap after GC invocations=23 (full 0):
 garbage-first heap   total 40960K, used 20277K [0x0000000084200000, 0x0000000100000000)
  region size 1024K, 1 young (1024K), 1 survivors (1024K)
 Metaspace       used 25173K, committed 25408K, reserved 1114112K
  class space    used 2820K, committed 2944K, reserved 1048576K
}

Deoptimization events (20 events):
Event: 38.373 Thread 0x000001f3af2e1cb0 Uncommon trap: trap_request=0xffffff45 fr.pc=0x000001f3be6b0084 relative=0x0000000000000064
Event: 38.373 Thread 0x000001f3af2e1cb0 Uncommon trap: reason=unstable_if action=reinterpret pc=0x000001f3be6b0084 method=sun.net.www.ParseUtil.firstEncodeIndex(Ljava/lang/String;)I @ 51 c2
Event: 38.373 Thread 0x000001f3af2e1cb0 DEOPT PACKING pc=0x000001f3be6b0084 sp=0x000000d8260fcd00
Event: 38.373 Thread 0x000001f3af2e1cb0 DEOPT UNPACKING pc=0x000001f3be125ba3 sp=0x000000d8260fcc88 mode 2
Event: 38.420 Thread 0x000001f3af2e1cb0 Uncommon trap: trap_request=0xffffff45 fr.pc=0x000001f3be6fea50 relative=0x0000000000000330
Event: 38.420 Thread 0x000001f3af2e1cb0 Uncommon trap: reason=unstable_if action=reinterpret pc=0x000001f3be6fea50 method=java.util.jar.JarFile.match([B[B[B[B)I @ 29 c2
Event: 38.420 Thread 0x000001f3af2e1cb0 DEOPT PACKING pc=0x000001f3be6fea50 sp=0x000000d8260fc890
Event: 38.420 Thread 0x000001f3af2e1cb0 DEOPT UNPACKING pc=0x000001f3be125ba3 sp=0x000000d8260fc808 mode 2
Event: 38.444 Thread 0x000001f3af2e1cb0 Uncommon trap: trap_request=0xffffff45 fr.pc=0x000001f3be93b474 relative=0x00000000000002d4
Event: 38.444 Thread 0x000001f3af2e1cb0 Uncommon trap: reason=unstable_if action=reinterpret pc=0x000001f3be93b474 method=java.lang.String.regionMatches(ILjava/lang/String;II)Z @ 115 c2
Event: 38.444 Thread 0x000001f3af2e1cb0 DEOPT PACKING pc=0x000001f3be93b474 sp=0x000000d8260fb190
Event: 38.444 Thread 0x000001f3af2e1cb0 DEOPT UNPACKING pc=0x000001f3be125ba3 sp=0x000000d8260fb108 mode 2
Event: 38.451 Thread 0x000001f3af2e1cb0 Uncommon trap: trap_request=0xffffffc6 fr.pc=0x000001f3be75ada0 relative=0x0000000000000080
Event: 38.451 Thread 0x000001f3af2e1cb0 Uncommon trap: reason=bimorphic_or_optimized_type_check action=maybe_recompile pc=0x000001f3be75ada0 method=com.google.inject.internal.LinkedBindingImpl.acceptTargetVisitor(Lcom/google/inject/spi/BindingTargetVisitor;)Ljava/lang/Object; @ 2 c2
Event: 38.451 Thread 0x000001f3af2e1cb0 DEOPT PACKING pc=0x000001f3be75ada0 sp=0x000000d8260fce40
Event: 38.451 Thread 0x000001f3af2e1cb0 DEOPT UNPACKING pc=0x000001f3be125ba3 sp=0x000000d8260fcdc8 mode 2
Event: 38.451 Thread 0x000001f3af2e1cb0 Uncommon trap: trap_request=0xffffffc6 fr.pc=0x000001f3be75ada0 relative=0x0000000000000080
Event: 38.451 Thread 0x000001f3af2e1cb0 Uncommon trap: reason=bimorphic_or_optimized_type_check action=maybe_recompile pc=0x000001f3be75ada0 method=com.google.inject.internal.LinkedBindingImpl.acceptTargetVisitor(Lcom/google/inject/spi/BindingTargetVisitor;)Ljava/lang/Object; @ 2 c2
Event: 38.451 Thread 0x000001f3af2e1cb0 DEOPT PACKING pc=0x000001f3be75ada0 sp=0x000000d8260fce40
Event: 38.451 Thread 0x000001f3af2e1cb0 DEOPT UNPACKING pc=0x000001f3be125ba3 sp=0x000000d8260fcdc8 mode 2

Classes unloaded (0 events):
No events

Classes redefined (0 events):
No events

Internal exceptions (20 events):
Event: 38.121 Thread 0x000001f3af2e1cb0 Exception <a 'sun/nio/fs/WindowsException'{0x0000000085fc8b10}> (0x0000000085fc8b10) 
thrown [s\open\src\hotspot\share\prims\jni.cpp, line 516]
Event: 38.123 Thread 0x000001f3af2e1cb0 Exception <a 'sun/nio/fs/WindowsException'{0x0000000085fd48d8}> (0x0000000085fd48d8) 
thrown [s\open\src\hotspot\share\prims\jni.cpp, line 516]
Event: 38.125 Thread 0x000001f3af2e1cb0 Exception <a 'sun/nio/fs/WindowsException'{0x0000000085fdd300}> (0x0000000085fdd300) 
thrown [s\open\src\hotspot\share\prims\jni.cpp, line 516]
Event: 38.127 Thread 0x000001f3af2e1cb0 Exception <a 'sun/nio/fs/WindowsException'{0x0000000085fe8e40}> (0x0000000085fe8e40) 
thrown [s\open\src\hotspot\share\prims\jni.cpp, line 516]
Event: 38.128 Thread 0x000001f3af2e1cb0 Exception <a 'sun/nio/fs/WindowsException'{0x0000000085ff1930}> (0x0000000085ff1930) 
thrown [s\open\src\hotspot\share\prims\jni.cpp, line 516]
Event: 38.129 Thread 0x000001f3af2e1cb0 Exception <a 'sun/nio/fs/WindowsException'{0x0000000085ffd870}> (0x0000000085ffd870) 
thrown [s\open\src\hotspot\share\prims\jni.cpp, line 516]
Event: 38.131 Thread 0x000001f3af2e1cb0 Exception <a 'sun/nio/fs/WindowsException'{0x0000000085e065e0}> (0x0000000085e065e0) 
thrown [s\open\src\hotspot\share\prims\jni.cpp, line 516]
Event: 38.132 Thread 0x000001f3af2e1cb0 Exception <a 'sun/nio/fs/WindowsException'{0x0000000085e12328}> (0x0000000085e12328) 
thrown [s\open\src\hotspot\share\prims\jni.cpp, line 516]
Event: 38.133 Thread 0x000001f3af2e1cb0 Exception <a 'sun/nio/fs/WindowsException'{0x0000000085e1ad30}> (0x0000000085e1ad30) 
thrown [s\open\src\hotspot\share\prims\jni.cpp, line 516]
Event: 38.135 Thread 0x000001f3af2e1cb0 Exception <a 'sun/nio/fs/WindowsException'{0x0000000085e26840}> (0x0000000085e26840) 
thrown [s\open\src\hotspot\share\prims\jni.cpp, line 516]
Event: 38.137 Thread 0x000001f3af2e1cb0 Exception <a 'sun/nio/fs/WindowsException'{0x0000000085e2f288}> (0x0000000085e2f288) 
thrown [s\open\src\hotspot\share\prims\jni.cpp, line 516]
Event: 38.140 Thread 0x000001f3af2e1cb0 Exception <a 'sun/nio/fs/WindowsException'{0x0000000085e3ae08}> (0x0000000085e3ae08) 
thrown [s\open\src\hotspot\share\prims\jni.cpp, line 516]
Event: 38.143 Thread 0x000001f3af2e1cb0 Exception <a 'sun/nio/fs/WindowsException'{0x0000000085e43850}> (0x0000000085e43850) 
thrown [s\open\src\hotspot\share\prims\jni.cpp, line 516]
Event: 38.146 Thread 0x000001f3af2e1cb0 Exception <a 'sun/nio/fs/WindowsException'{0x0000000085e4f610}> (0x0000000085e4f610) 
thrown [s\open\src\hotspot\share\prims\jni.cpp, line 516]
Event: 38.148 Thread 0x000001f3af2e1cb0 Exception <a 'sun/nio/fs/WindowsException'{0x0000000085e58068}> (0x0000000085e58068) 
thrown [s\open\src\hotspot\share\prims\jni.cpp, line 516]
Event: 38.151 Thread 0x000001f3af2e1cb0 Exception <a 'sun/nio/fs/WindowsException'{0x0000000085e63be8}> (0x0000000085e63be8) 
thrown [s\open\src\hotspot\share\prims\jni.cpp, line 516]
Event: 38.153 Thread 0x000001f3af2e1cb0 Exception <a 'sun/nio/fs/WindowsException'{0x0000000085e6c5d0}> (0x0000000085e6c5d0) 
thrown [s\open\src\hotspot\share\prims\jni.cpp, line 516]
Event: 38.158 Thread 0x000001f3af2e1cb0 Exception <a 'sun/nio/fs/WindowsException'{0x0000000085e780e0}> (0x0000000085e780e0) 
thrown [s\open\src\hotspot\share\prims\jni.cpp, line 516]
Event: 38.168 Thread 0x000001f3af2e1cb0 Exception <a 'java/lang/NoSuchMethodError'{0x0000000085ecb478}: 'java.lang.Object java.lang.invoke.DirectMethodHandle$Holder.newInvokeSpecial(java.lang.Object, java.lang.Object, java.lang.Object, java.lang.Object, java.lang.Object, java.lang.Object, java.lang.Object)'> (0x0000000085ecb478) 
thrown [s\open\src\hotspot\share\interpreter\linkResolver.cpp, line 759]
Event: 38.169 Thread 0x000001f3af2e1cb0 Exception <a 'java/lang/NoSuchMethodError'{0x0000000085ecfd88}: 'java.lang.Object java.lang.invoke.Invokers$Holder.linkToTargetMethod(java.lang.Object, java.lang.Object, java.lang.Object, java.lang.Object, java.lang.Object, java.lang.Object, java.lang.Object)'> (0x0000000085ecfd88) 
thrown [s\open\src\hotspot\share\interpreter\linkResolver.cpp, line 759]

VM Operations (20 events):
Event: 34.277 Executing VM operation: Cleanup
Event: 34.277 Executing VM operation: Cleanup done
Event: 34.414 Executing VM operation: HandshakeAllThreads
Event: 34.414 Executing VM operation: HandshakeAllThreads done
Event: 34.876 Executing VM operation: G1CollectForAllocation
Event: 34.879 Executing VM operation: G1CollectForAllocation done
Event: 34.906 Executing VM operation: G1Concurrent
Event: 34.913 Executing VM operation: G1Concurrent done
Event: 34.924 Executing VM operation: G1Concurrent
Event: 34.924 Executing VM operation: G1Concurrent done
Event: 35.933 Executing VM operation: Cleanup
Event: 35.934 Executing VM operation: Cleanup done
Event: 36.383 Executing VM operation: G1CollectForAllocation
Event: 36.387 Executing VM operation: G1CollectForAllocation done
Event: 38.214 Executing VM operation: G1CollectForAllocation
Event: 38.217 Executing VM operation: G1CollectForAllocation done
Event: 38.240 Executing VM operation: G1Concurrent
Event: 38.245 Executing VM operation: G1Concurrent done
Event: 38.255 Executing VM operation: G1Concurrent
Event: 38.255 Executing VM operation: G1Concurrent done

Events (20 events):
Event: 30.913 Thread 0x000001f3cdddbaf0 Thread exited: 0x000001f3cdddbaf0
Event: 32.241 loading class jdk/internal/misc/ScopedMemoryAccess$Scope$Handle
Event: 32.241 loading class jdk/internal/misc/ScopedMemoryAccess$Scope$Handle done
Event: 34.411 loading class java/util/concurrent/locks/AbstractQueuedSynchronizer$ExclusiveNode
Event: 34.412 loading class java/util/concurrent/locks/AbstractQueuedSynchronizer$ExclusiveNode done
Event: 36.490 loading class java/util/concurrent/locks/AbstractQueuedSynchronizer$ConditionNode
Event: 36.490 loading class java/util/concurrent/ForkJoinPool$ManagedBlocker
Event: 36.491 loading class java/util/concurrent/ForkJoinPool$ManagedBlocker done
Event: 36.491 loading class java/util/concurrent/locks/AbstractQueuedSynchronizer$ConditionNode done
Event: 37.727 Thread 0x000001f413a04f90 Thread exited: 0x000001f413a04f90
Event: 37.727 Thread 0x000001f413a05ec0 Thread exited: 0x000001f413a05ec0
Event: 37.727 Thread 0x000001f413a059b0 Thread exited: 0x000001f413a059b0
Event: 37.727 Thread 0x000001f413a054a0 Thread exited: 0x000001f413a054a0
Event: 37.727 Thread 0x000001f413a04570 Thread exited: 0x000001f413a04570
Event: 38.455 loading class org/w3c/dom/Node
Event: 38.456 loading class org/w3c/dom/Node done
Event: 38.456 loading class javax/xml/parsers/ParserConfigurationException
Event: 38.457 loading class javax/xml/parsers/ParserConfigurationException done
Event: 38.458 loading class org/xml/sax/SAXException
Event: 38.458 loading class org/xml/sax/SAXException done


Dynamic libraries:
0x00007ff7b1490000 - 0x00007ff7b14a0000 	C:\Program Files\Java\jdk-17\bin\java.exe
0x00007ffd7f2a0000 - 0x00007ffd7f506000 	C:\WINDOWS\SYSTEM32\ntdll.dll
0x00007ffd7e3c0000 - 0x00007ffd7e489000 	C:\WINDOWS\System32\KERNEL32.DLL
0x00007ffd7c7f0000 - 0x00007ffd7cbea000 	C:\WINDOWS\System32\KERNELBASE.dll
0x00007ffd7c560000 - 0x00007ffd7c6ac000 	C:\WINDOWS\System32\ucrtbase.dll
0x00007ffd6c4f0000 - 0x00007ffd6c50b000 	C:\Program Files\Java\jdk-17\bin\VCRUNTIME140.dll
0x00007ffd74c60000 - 0x00007ffd74c79000 	C:\Program Files\Java\jdk-17\bin\jli.dll
0x00007ffd7f040000 - 0x00007ffd7f0f6000 	C:\WINDOWS\System32\ADVAPI32.dll
0x00007ffd7ed80000 - 0x00007ffd7ee29000 	C:\WINDOWS\System32\msvcrt.dll
0x00007ffd7f100000 - 0x00007ffd7f1aa000 	C:\WINDOWS\System32\sechost.dll
0x00007ffd7da30000 - 0x00007ffd7db48000 	C:\WINDOWS\System32\RPCRT4.dll
0x00007ffd7d680000 - 0x00007ffd7d847000 	C:\WINDOWS\System32\USER32.dll
0x00007ffd7c530000 - 0x00007ffd7c557000 	C:\WINDOWS\System32\win32u.dll
0x00007ffd7dc50000 - 0x00007ffd7dc7b000 	C:\WINDOWS\System32\GDI32.dll
0x00007ffd68260000 - 0x00007ffd684f2000 	C:\WINDOWS\WinSxS\amd64_microsoft.windows.common-controls_6595b64144ccf1df_6.0.26100.8521_none_3e08b75ce33403b3\COMCTL32.dll
0x00007ffd7cbf0000 - 0x00007ffd7cd1b000 	C:\WINDOWS\System32\gdi32full.dll
0x00007ffd7c740000 - 0x00007ffd7c7e3000 	C:\WINDOWS\System32\msvcp_win.dll
0x00007ffd75c70000 - 0x00007ffd75c7b000 	C:\WINDOWS\SYSTEM32\VERSION.dll
0x00007ffd7f220000 - 0x00007ffd7f252000 	C:\WINDOWS\System32\IMM32.DLL
0x00007ffd74c30000 - 0x00007ffd74c3c000 	C:\Program Files\Java\jdk-17\bin\vcruntime140_1.dll
0x00007ffd2b100000 - 0x00007ffd2b18e000 	C:\Program Files\Java\jdk-17\bin\msvcp140.dll
0x00007ffcf87b0000 - 0x00007ffcf9390000 	C:\Program Files\Java\jdk-17\bin\server\jvm.dll
0x00007ffd7dc80000 - 0x00007ffd7dc88000 	C:\WINDOWS\System32\PSAPI.DLL
0x00007ffd74b90000 - 0x00007ffd74b9a000 	C:\WINDOWS\SYSTEM32\WSOCK32.dll
0x00007ffd732d0000 - 0x00007ffd73306000 	C:\WINDOWS\SYSTEM32\WINMM.dll
0x00007ffd7e330000 - 0x00007ffd7e3b0000 	C:\WINDOWS\System32\WS2_32.dll
0x00007ffd7b2c0000 - 0x00007ffd7b2db000 	C:\WINDOWS\SYSTEM32\kernel.appcore.dll
0x00007ffd6b2c0000 - 0x00007ffd6b2ca000 	C:\Program Files\Java\jdk-17\bin\jimage.dll
0x00007ffd79ce0000 - 0x00007ffd79f22000 	C:\WINDOWS\SYSTEM32\DBGHELP.DLL
0x00007ffd7de80000 - 0x00007ffd7e203000 	C:\WINDOWS\System32\combase.dll
0x00007ffd7e210000 - 0x00007ffd7e2e9000 	C:\WINDOWS\System32\OLEAUT32.dll
0x00007ffd5f590000 - 0x00007ffd5f5cb000 	C:\WINDOWS\SYSTEM32\dbgcore.DLL
0x00007ffd7cde0000 - 0x00007ffd7ce88000 	C:\WINDOWS\System32\bcryptPrimitives.dll
0x00007ffd4ba50000 - 0x00007ffd4ba75000 	C:\Program Files\Java\jdk-17\bin\java.dll
0x00007ffd2ada0000 - 0x00007ffd2ae77000 	C:\Program Files\Java\jdk-17\bin\jsvml.dll
0x00007ffd7e570000 - 0x00007ffd7ecf4000 	C:\WINDOWS\System32\SHELL32.dll
0x00007ffd79fb0000 - 0x00007ffd7a830000 	C:\WINDOWS\SYSTEM32\windows.storage.dll
0x00007ffd7db50000 - 0x00007ffd7dc46000 	C:\WINDOWS\System32\SHCORE.dll
0x00007ffd7f1b0000 - 0x00007ffd7f217000 	C:\WINDOWS\System32\shlwapi.dll
0x00007ffd7c450000 - 0x00007ffd7c479000 	C:\WINDOWS\SYSTEM32\profapi.dll
0x00007ffd6ac30000 - 0x00007ffd6ac49000 	C:\Program Files\Java\jdk-17\bin\net.dll
0x00007ffd75b00000 - 0x00007ffd75c29000 	C:\WINDOWS\SYSTEM32\WINHTTP.dll
0x00007ffd7b830000 - 0x00007ffd7b89c000 	C:\WINDOWS\system32\mswsock.dll
0x00007ffd4ba30000 - 0x00007ffd4ba46000 	C:\Program Files\Java\jdk-17\bin\nio.dll
0x00007ffd4ba10000 - 0x00007ffd4ba28000 	C:\Program Files\Java\jdk-17\bin\zip.dll
0x0000000069ac0000 - 0x0000000069ae4000 	C:\Users\divya\.m2\wrapper\dists\apache-maven-3.9.6\lib\jansi-native\Windows\x86_64\jansi.dll
0x00007ffd63050000 - 0x00007ffd63060000 	C:\Program Files\Java\jdk-17\bin\verify.dll
0x00007ffd6b2b0000 - 0x00007ffd6b2be000 	C:\Program Files\Java\jdk-17\bin\sunmscapi.dll
0x00007ffd7ce90000 - 0x00007ffd7d008000 	C:\WINDOWS\System32\CRYPT32.dll
0x00007ffd7bd30000 - 0x00007ffd7bd60000 	C:\WINDOWS\SYSTEM32\ncrypt.dll
0x00007ffd7bce0000 - 0x00007ffd7bd1f000 	C:\WINDOWS\SYSTEM32\NTASN1.dll
0x00007ffd7bb10000 - 0x00007ffd7bb2b000 	C:\WINDOWS\SYSTEM32\CRYPTSP.dll
0x00007ffd7b220000 - 0x00007ffd7b259000 	C:\WINDOWS\system32\rsaenh.dll
0x00007ffd7b8e0000 - 0x00007ffd7b913000 	C:\WINDOWS\SYSTEM32\USERENV.dll
0x00007ffd7c420000 - 0x00007ffd7c44a000 	C:\WINDOWS\SYSTEM32\bcrypt.dll
0x00007ffd7bb30000 - 0x00007ffd7bb3c000 	C:\WINDOWS\SYSTEM32\CRYPTBASE.dll
0x00007ffd7ac70000 - 0x00007ffd7aca3000 	C:\WINDOWS\SYSTEM32\IPHLPAPI.DLL
0x00007ffd7ee30000 - 0x00007ffd7ee3a000 	C:\WINDOWS\System32\NSI.dll
0x00007ffd767e0000 - 0x00007ffd767fd000 	C:\WINDOWS\SYSTEM32\dhcpcsvc6.DLL
0x00007ffd767b0000 - 0x00007ffd767d5000 	C:\WINDOWS\SYSTEM32\dhcpcsvc.DLL
0x00007ffd7acb0000 - 0x00007ffd7adfa000 	C:\WINDOWS\SYSTEM32\DNSAPI.dll
0x00007ffd7b650000 - 0x00007ffd7b65d000 	C:\WINDOWS\SYSTEM32\DSPARSE.dll
0x00007ffd75c40000 - 0x00007ffd75c4b000 	C:\Windows\System32\rasadhlp.dll
0x00007ffd76d50000 - 0x00007ffd76dd6000 	C:\WINDOWS\System32\fwpuclnt.dll

dbghelp: loaded successfully - version: 4.0.5 - missing functions: none
symbol engine: initialized successfully - sym options: 0x614 - pdb path: .;C:\Program Files\Java\jdk-17\bin;C:\WINDOWS\SYSTEM32;C:\WINDOWS\WinSxS\amd64_microsoft.windows.common-controls_6595b64144ccf1df_6.0.26100.8521_none_3e08b75ce33403b3;C:\Program Files\Java\jdk-17\bin\server;C:\Users\divya\.m2\wrapper\dists\apache-maven-3.9.6\lib\jansi-native\Windows\x86_64

VM Arguments:
jvm_args: -Dclassworlds.conf=C:\Users\divya\.m2\wrapper\dists\apache-maven-3.9.6\bin\m2.conf -Dmaven.home=C:\Users\divya\.m2\wrapper\dists\apache-maven-3.9.6 -Dlibrary.jansi.path=C:\Users\divya\.m2\wrapper\dists\apache-maven-3.9.6\lib\jansi-native -Dmaven.multiModuleProjectDirectory=D:\54b7\PROJECT 
java_command: org.codehaus.plexus.classworlds.launcher.Launcher spring-boot:run
java_class_path (initial): C:\Users\divya\.m2\wrapper\dists\apache-maven-3.9.6\boot\plexus-classworlds-2.7.0.jar
Launcher Type: SUN_STANDARD

[Global flags]
     intx CICompilerCount                          = 4                                         {product} {ergonomic}
     uint ConcGCThreads                            = 2                                         {product} {ergonomic}
     uint G1ConcRefinementThreads                  = 8                                         {product} {ergonomic}
   size_t G1HeapRegionSize                         = 1048576                                   {product} {ergonomic}
    uintx GCDrainStackTargetSize                   = 64                                        {product} {ergonomic}
   size_t InitialHeapSize                          = 130023424                                 {product} {ergonomic}
   size_t MarkStackSize                            = 4194304                                   {product} {ergonomic}
   size_t MaxHeapSize                              = 2078277632                                {product} {ergonomic}
   size_t MaxNewSize                               = 1246756864                                {product} {ergonomic}
   size_t MinHeapDeltaBytes                        = 1048576                                   {product} {ergonomic}
   size_t MinHeapSize                              = 8388608                                   {product} {ergonomic}
    uintx NonNMethodCodeHeapSize                   = 5839372                                {pd product} {ergonomic}
    uintx NonProfiledCodeHeapSize                  = 122909434                              {pd product} {ergonomic}
    uintx ProfiledCodeHeapSize                     = 122909434                              {pd product} {ergonomic}
    uintx ReservedCodeCacheSize                    = 251658240                              {pd product} {ergonomic}
     bool SegmentedCodeCache                       = true                                      {product} {ergonomic}
   size_t SoftMaxHeapSize                          = 2078277632                             {manageable} {ergonomic}
     bool UseCompressedClassPointers               = true                           {product lp64_product} {ergonomic}
     bool UseCompressedOops                        = true                           {product lp64_product} {ergonomic}
     bool UseG1GC                                  = true                                      {product} {ergonomic}
     bool UseLargePagesIndividualAllocation        = false                                  {pd product} {ergonomic}

Logging:
Log output configuration:
 #0: stdout all=warning uptime,level,tags
 #1: stderr all=off uptime,level,tags

Environment Variables:
JAVA_HOME=C:\Program Files\Java\jdk-17
PATH=C:\Program Files\Microsoft MPI\Bin\;C:\Program Files\Common Files\Oracle\Java\javapath;C:\WINDOWS\system32;C:\WINDOWS;C:\WINDOWS\System32\Wbem;C:\WINDOWS\System32\WindowsPowerShell\v1.0\;C:\WINDOWS\System32\OpenSSH\;C:\Program Files\dotnet\;C:\Program Files\Java;C:\Program Files\nodejs\;C:\Program Files (x86)\Microsoft SQL Server\160\Tools\Binn\;C:\Program Files\Microsoft SQL Server\160\Tools\Binn\;C:\Program Files\Microsoft SQL Server\Client SDK\ODBC\170\Tools\Binn\;C:\Program Files\Microsoft SQL Server\160\DTS\Binn\;C:\Program Files\Azure Data Studio\bin;C:\dartsdk-windows-x64-release.zip;C:\dartsdk-windows-x64-release.zip\dart-sdk;C:\dartsdk-windows-x64-release\dart-sdk\bin;C:\flutter_windows_3.32.7-stable\flutter\bin;D:\MySQL\MySQL Server 9.7\bin;C:\Users\divya\AppData\Local\Microsoft\WindowsApps;C:\Users\divya\AppData\Local\Programs\Microsoft VS Code\bin;C:\Users\divya\AppData\Roaming\npm;C:\Program Files\Azure Data Studio\bin;C:\dartsdk-windows-x64-release\dart-sdk\bin;C:\flutter_windows_3.32.7-stable\flutter\bin;D:\54b7\AntigravityIDE\Antigravity IDE\bin
USERNAME=divya
OS=Windows_NT
PROCESSOR_IDENTIFIER=Intel64 Family 6 Model 140 Stepping 1, GenuineIntel



---------------  S Y S T E M  ---------------

OS:
 Windows 11 , 64 bit Build 26100 (10.0.26100.8521)
OS uptime: 5 days 7:09 hours
Hyper-V role detected

CPU: total 8 (initial active 8) (4 cores per cpu, 2 threads per core) family 6 model 140 stepping 1 microcode 0xbe, cx8, cmov, fxsr, ht, mmx, 3dnowpref, sse, sse2, sse3, ssse3, sse4.1, sse4.2, popcnt, lzcnt, tsc, tscinvbit, avx, avx2, aes, erms, clmul, bmi1, bmi2, adx, avx512f, avx512dq, avx512cd, avx512bw, avx512vl, sha, fma, vzeroupper, avx512_vpopcntdq, avx512_vpclmulqdq, avx512_vaes, avx512_vnni, clflush, clflushopt, clwb, avx512_vbmi2, avx512_vbmi, hv

Memory: 4k page, system-wide physical 7926M (434M free)
TotalPageFile size 20216M (AvailPageFile size 13M)
current process WorkingSet (physical memory assigned to process): 149M, peak: 161M
current process commit charge ("private bytes"): 182M, peak: 253M

vm_info: Java HotSpot(TM) 64-Bit Server VM (17.0.11+7-LTS-207) for windows-amd64 JRE (17.0.11+7-LTS-207), built on Mar 11 2024 19:01:50 by "mach5one" with MS VC++ 17.6 (VS2022)

END.
